[2025-01-28T00:07:28.193+0000] {processor.py:157} INFO - Started process (PID=29) to work on /opt/airflow/dags/dag_s_pipeline_expurge_compass_reviews.py
[2025-01-28T00:07:28.207+0000] {processor.py:829} INFO - Processing file /opt/airflow/dags/dag_s_pipeline_expurge_compass_reviews.py for tasks to queue
[2025-01-28T00:07:28.209+0000] {logging_mixin.py:151} INFO - [2025-01-28T00:07:28.209+0000] {dagbag.py:536} INFO - Filling up the DagBag from /opt/airflow/dags/dag_s_pipeline_expurge_compass_reviews.py
[2025-01-28T00:07:28.277+0000] {logging_mixin.py:151} WARNING - /home/airflow/.local/lib/python3.8/site-packages/airflow/operators/python.py:177 RemovedInAirflow3Warning: The 'task_concurrency' parameter is deprecated. Please use 'max_active_tis_per_dag'.
[2025-01-28T00:07:28.421+0000] {processor.py:839} INFO - DAG(s) dict_keys(['dag_s_pipeline_expurge_compass_reviews']) retrieved from /opt/airflow/dags/dag_s_pipeline_expurge_compass_reviews.py
[2025-01-28T00:07:28.991+0000] {logging_mixin.py:151} INFO - [2025-01-28T00:07:28.991+0000] {dag.py:2941} INFO - Sync 1 DAGs
[2025-01-28T00:07:29.173+0000] {logging_mixin.py:151} INFO - [2025-01-28T00:07:29.172+0000] {dag.py:3722} INFO - Setting next_dagrun for dag_s_pipeline_expurge_compass_reviews to 2025-01-26T01:00:00+00:00, run_after=2025-02-02T01:00:00+00:00
[2025-01-28T00:07:29.311+0000] {processor.py:179} INFO - Processing /opt/airflow/dags/dag_s_pipeline_expurge_compass_reviews.py took 1.121 seconds
[2025-01-28T00:07:59.617+0000] {processor.py:157} INFO - Started process (PID=34) to work on /opt/airflow/dags/dag_s_pipeline_expurge_compass_reviews.py
[2025-01-28T00:07:59.621+0000] {processor.py:829} INFO - Processing file /opt/airflow/dags/dag_s_pipeline_expurge_compass_reviews.py for tasks to queue
[2025-01-28T00:07:59.622+0000] {logging_mixin.py:151} INFO - [2025-01-28T00:07:59.622+0000] {dagbag.py:536} INFO - Filling up the DagBag from /opt/airflow/dags/dag_s_pipeline_expurge_compass_reviews.py
[2025-01-28T00:07:59.631+0000] {logging_mixin.py:151} WARNING - /home/airflow/.local/lib/python3.8/site-packages/airflow/operators/python.py:177 RemovedInAirflow3Warning: The 'task_concurrency' parameter is deprecated. Please use 'max_active_tis_per_dag'.
[2025-01-28T00:07:59.642+0000] {processor.py:839} INFO - DAG(s) dict_keys(['dag_s_pipeline_expurge_compass_reviews']) retrieved from /opt/airflow/dags/dag_s_pipeline_expurge_compass_reviews.py
[2025-01-28T00:07:59.668+0000] {logging_mixin.py:151} INFO - [2025-01-28T00:07:59.668+0000] {dag.py:2941} INFO - Sync 1 DAGs
[2025-01-28T00:07:59.686+0000] {logging_mixin.py:151} INFO - [2025-01-28T00:07:59.686+0000] {dag.py:3722} INFO - Setting next_dagrun for dag_s_pipeline_expurge_compass_reviews to 2025-01-26T01:00:00+00:00, run_after=2025-02-02T01:00:00+00:00
[2025-01-28T00:07:59.710+0000] {processor.py:179} INFO - Processing /opt/airflow/dags/dag_s_pipeline_expurge_compass_reviews.py took 0.098 seconds
[2025-01-28T00:08:29.825+0000] {processor.py:157} INFO - Started process (PID=37) to work on /opt/airflow/dags/dag_s_pipeline_expurge_compass_reviews.py
[2025-01-28T00:08:29.826+0000] {processor.py:829} INFO - Processing file /opt/airflow/dags/dag_s_pipeline_expurge_compass_reviews.py for tasks to queue
[2025-01-28T00:08:29.827+0000] {logging_mixin.py:151} INFO - [2025-01-28T00:08:29.827+0000] {dagbag.py:536} INFO - Filling up the DagBag from /opt/airflow/dags/dag_s_pipeline_expurge_compass_reviews.py
[2025-01-28T00:08:29.840+0000] {logging_mixin.py:151} WARNING - /home/airflow/.local/lib/python3.8/site-packages/airflow/operators/python.py:177 RemovedInAirflow3Warning: The 'task_concurrency' parameter is deprecated. Please use 'max_active_tis_per_dag'.
[2025-01-28T00:08:29.847+0000] {processor.py:839} INFO - DAG(s) dict_keys(['dag_s_pipeline_expurge_compass_reviews']) retrieved from /opt/airflow/dags/dag_s_pipeline_expurge_compass_reviews.py
[2025-01-28T00:08:29.869+0000] {logging_mixin.py:151} INFO - [2025-01-28T00:08:29.869+0000] {dag.py:2941} INFO - Sync 1 DAGs
[2025-01-28T00:08:29.888+0000] {logging_mixin.py:151} INFO - [2025-01-28T00:08:29.887+0000] {dag.py:3722} INFO - Setting next_dagrun for dag_s_pipeline_expurge_compass_reviews to 2025-01-26T01:00:00+00:00, run_after=2025-02-02T01:00:00+00:00
[2025-01-28T00:08:29.904+0000] {processor.py:179} INFO - Processing /opt/airflow/dags/dag_s_pipeline_expurge_compass_reviews.py took 0.081 seconds
[2025-01-28T00:09:00.026+0000] {processor.py:157} INFO - Started process (PID=40) to work on /opt/airflow/dags/dag_s_pipeline_expurge_compass_reviews.py
[2025-01-28T00:09:00.028+0000] {processor.py:829} INFO - Processing file /opt/airflow/dags/dag_s_pipeline_expurge_compass_reviews.py for tasks to queue
[2025-01-28T00:09:00.030+0000] {logging_mixin.py:151} INFO - [2025-01-28T00:09:00.030+0000] {dagbag.py:536} INFO - Filling up the DagBag from /opt/airflow/dags/dag_s_pipeline_expurge_compass_reviews.py
[2025-01-28T00:09:00.043+0000] {logging_mixin.py:151} WARNING - /home/airflow/.local/lib/python3.8/site-packages/airflow/operators/python.py:177 RemovedInAirflow3Warning: The 'task_concurrency' parameter is deprecated. Please use 'max_active_tis_per_dag'.
[2025-01-28T00:09:00.049+0000] {processor.py:839} INFO - DAG(s) dict_keys(['dag_s_pipeline_expurge_compass_reviews']) retrieved from /opt/airflow/dags/dag_s_pipeline_expurge_compass_reviews.py
[2025-01-28T00:09:00.081+0000] {logging_mixin.py:151} INFO - [2025-01-28T00:09:00.081+0000] {dag.py:2941} INFO - Sync 1 DAGs
[2025-01-28T00:09:00.100+0000] {logging_mixin.py:151} INFO - [2025-01-28T00:09:00.100+0000] {dag.py:3722} INFO - Setting next_dagrun for dag_s_pipeline_expurge_compass_reviews to 2025-01-26T01:00:00+00:00, run_after=2025-02-02T01:00:00+00:00
[2025-01-28T00:09:00.117+0000] {processor.py:179} INFO - Processing /opt/airflow/dags/dag_s_pipeline_expurge_compass_reviews.py took 0.097 seconds
[2025-01-28T00:09:30.254+0000] {processor.py:157} INFO - Started process (PID=43) to work on /opt/airflow/dags/dag_s_pipeline_expurge_compass_reviews.py
[2025-01-28T00:09:30.295+0000] {processor.py:829} INFO - Processing file /opt/airflow/dags/dag_s_pipeline_expurge_compass_reviews.py for tasks to queue
[2025-01-28T00:09:30.298+0000] {logging_mixin.py:151} INFO - [2025-01-28T00:09:30.297+0000] {dagbag.py:536} INFO - Filling up the DagBag from /opt/airflow/dags/dag_s_pipeline_expurge_compass_reviews.py
[2025-01-28T00:09:30.307+0000] {logging_mixin.py:151} WARNING - /home/airflow/.local/lib/python3.8/site-packages/airflow/operators/python.py:177 RemovedInAirflow3Warning: The 'task_concurrency' parameter is deprecated. Please use 'max_active_tis_per_dag'.
[2025-01-28T00:09:30.317+0000] {processor.py:839} INFO - DAG(s) dict_keys(['dag_s_pipeline_expurge_compass_reviews']) retrieved from /opt/airflow/dags/dag_s_pipeline_expurge_compass_reviews.py
[2025-01-28T00:09:30.344+0000] {logging_mixin.py:151} INFO - [2025-01-28T00:09:30.343+0000] {dag.py:2941} INFO - Sync 1 DAGs
[2025-01-28T00:09:30.364+0000] {logging_mixin.py:151} INFO - [2025-01-28T00:09:30.363+0000] {dag.py:3722} INFO - Setting next_dagrun for dag_s_pipeline_expurge_compass_reviews to 2025-01-26T01:00:00+00:00, run_after=2025-02-02T01:00:00+00:00
[2025-01-28T00:09:30.382+0000] {processor.py:179} INFO - Processing /opt/airflow/dags/dag_s_pipeline_expurge_compass_reviews.py took 0.132 seconds
[2025-01-28T00:10:00.490+0000] {processor.py:157} INFO - Started process (PID=46) to work on /opt/airflow/dags/dag_s_pipeline_expurge_compass_reviews.py
[2025-01-28T00:10:00.491+0000] {processor.py:829} INFO - Processing file /opt/airflow/dags/dag_s_pipeline_expurge_compass_reviews.py for tasks to queue
[2025-01-28T00:10:00.492+0000] {logging_mixin.py:151} INFO - [2025-01-28T00:10:00.492+0000] {dagbag.py:536} INFO - Filling up the DagBag from /opt/airflow/dags/dag_s_pipeline_expurge_compass_reviews.py
[2025-01-28T00:10:00.502+0000] {logging_mixin.py:151} WARNING - /home/airflow/.local/lib/python3.8/site-packages/airflow/operators/python.py:177 RemovedInAirflow3Warning: The 'task_concurrency' parameter is deprecated. Please use 'max_active_tis_per_dag'.
[2025-01-28T00:10:00.508+0000] {processor.py:839} INFO - DAG(s) dict_keys(['dag_s_pipeline_expurge_compass_reviews']) retrieved from /opt/airflow/dags/dag_s_pipeline_expurge_compass_reviews.py
[2025-01-28T00:10:00.530+0000] {logging_mixin.py:151} INFO - [2025-01-28T00:10:00.529+0000] {dag.py:2941} INFO - Sync 1 DAGs
[2025-01-28T00:10:00.548+0000] {logging_mixin.py:151} INFO - [2025-01-28T00:10:00.548+0000] {dag.py:3722} INFO - Setting next_dagrun for dag_s_pipeline_expurge_compass_reviews to 2025-01-26T01:00:00+00:00, run_after=2025-02-02T01:00:00+00:00
[2025-01-28T00:10:00.565+0000] {processor.py:179} INFO - Processing /opt/airflow/dags/dag_s_pipeline_expurge_compass_reviews.py took 0.077 seconds
[2025-01-28T00:10:30.687+0000] {processor.py:157} INFO - Started process (PID=49) to work on /opt/airflow/dags/dag_s_pipeline_expurge_compass_reviews.py
[2025-01-28T00:10:30.687+0000] {processor.py:829} INFO - Processing file /opt/airflow/dags/dag_s_pipeline_expurge_compass_reviews.py for tasks to queue
[2025-01-28T00:10:30.689+0000] {logging_mixin.py:151} INFO - [2025-01-28T00:10:30.689+0000] {dagbag.py:536} INFO - Filling up the DagBag from /opt/airflow/dags/dag_s_pipeline_expurge_compass_reviews.py
[2025-01-28T00:10:30.698+0000] {logging_mixin.py:151} WARNING - /home/airflow/.local/lib/python3.8/site-packages/airflow/operators/python.py:177 RemovedInAirflow3Warning: The 'task_concurrency' parameter is deprecated. Please use 'max_active_tis_per_dag'.
[2025-01-28T00:10:30.703+0000] {processor.py:839} INFO - DAG(s) dict_keys(['dag_s_pipeline_expurge_compass_reviews']) retrieved from /opt/airflow/dags/dag_s_pipeline_expurge_compass_reviews.py
[2025-01-28T00:10:30.728+0000] {logging_mixin.py:151} INFO - [2025-01-28T00:10:30.728+0000] {dag.py:2941} INFO - Sync 1 DAGs
[2025-01-28T00:10:30.747+0000] {logging_mixin.py:151} INFO - [2025-01-28T00:10:30.746+0000] {dag.py:3722} INFO - Setting next_dagrun for dag_s_pipeline_expurge_compass_reviews to 2025-01-26T01:00:00+00:00, run_after=2025-02-02T01:00:00+00:00
[2025-01-28T00:10:30.764+0000] {processor.py:179} INFO - Processing /opt/airflow/dags/dag_s_pipeline_expurge_compass_reviews.py took 0.080 seconds
[2025-01-28T00:11:00.885+0000] {processor.py:157} INFO - Started process (PID=52) to work on /opt/airflow/dags/dag_s_pipeline_expurge_compass_reviews.py
[2025-01-28T00:11:00.885+0000] {processor.py:829} INFO - Processing file /opt/airflow/dags/dag_s_pipeline_expurge_compass_reviews.py for tasks to queue
[2025-01-28T00:11:00.887+0000] {logging_mixin.py:151} INFO - [2025-01-28T00:11:00.887+0000] {dagbag.py:536} INFO - Filling up the DagBag from /opt/airflow/dags/dag_s_pipeline_expurge_compass_reviews.py
[2025-01-28T00:11:00.895+0000] {logging_mixin.py:151} WARNING - /home/airflow/.local/lib/python3.8/site-packages/airflow/operators/python.py:177 RemovedInAirflow3Warning: The 'task_concurrency' parameter is deprecated. Please use 'max_active_tis_per_dag'.
[2025-01-28T00:11:00.901+0000] {processor.py:839} INFO - DAG(s) dict_keys(['dag_s_pipeline_expurge_compass_reviews']) retrieved from /opt/airflow/dags/dag_s_pipeline_expurge_compass_reviews.py
[2025-01-28T00:11:00.923+0000] {logging_mixin.py:151} INFO - [2025-01-28T00:11:00.923+0000] {dag.py:2941} INFO - Sync 1 DAGs
[2025-01-28T00:11:00.941+0000] {logging_mixin.py:151} INFO - [2025-01-28T00:11:00.941+0000] {dag.py:3722} INFO - Setting next_dagrun for dag_s_pipeline_expurge_compass_reviews to 2025-01-26T01:00:00+00:00, run_after=2025-02-02T01:00:00+00:00
[2025-01-28T00:11:00.956+0000] {processor.py:179} INFO - Processing /opt/airflow/dags/dag_s_pipeline_expurge_compass_reviews.py took 0.074 seconds
[2025-01-28T00:11:31.089+0000] {processor.py:157} INFO - Started process (PID=55) to work on /opt/airflow/dags/dag_s_pipeline_expurge_compass_reviews.py
[2025-01-28T00:11:31.090+0000] {processor.py:829} INFO - Processing file /opt/airflow/dags/dag_s_pipeline_expurge_compass_reviews.py for tasks to queue
[2025-01-28T00:11:31.091+0000] {logging_mixin.py:151} INFO - [2025-01-28T00:11:31.091+0000] {dagbag.py:536} INFO - Filling up the DagBag from /opt/airflow/dags/dag_s_pipeline_expurge_compass_reviews.py
[2025-01-28T00:11:31.103+0000] {logging_mixin.py:151} WARNING - /home/airflow/.local/lib/python3.8/site-packages/airflow/operators/python.py:177 RemovedInAirflow3Warning: The 'task_concurrency' parameter is deprecated. Please use 'max_active_tis_per_dag'.
[2025-01-28T00:11:31.114+0000] {processor.py:839} INFO - DAG(s) dict_keys(['dag_s_pipeline_expurge_compass_reviews']) retrieved from /opt/airflow/dags/dag_s_pipeline_expurge_compass_reviews.py
[2025-01-28T00:11:31.143+0000] {logging_mixin.py:151} INFO - [2025-01-28T00:11:31.143+0000] {dag.py:2941} INFO - Sync 1 DAGs
[2025-01-28T00:11:31.164+0000] {logging_mixin.py:151} INFO - [2025-01-28T00:11:31.163+0000] {dag.py:3722} INFO - Setting next_dagrun for dag_s_pipeline_expurge_compass_reviews to 2025-01-26T01:00:00+00:00, run_after=2025-02-02T01:00:00+00:00
[2025-01-28T00:11:31.185+0000] {processor.py:179} INFO - Processing /opt/airflow/dags/dag_s_pipeline_expurge_compass_reviews.py took 0.099 seconds
[2025-01-28T00:12:01.305+0000] {processor.py:157} INFO - Started process (PID=58) to work on /opt/airflow/dags/dag_s_pipeline_expurge_compass_reviews.py
[2025-01-28T00:12:01.306+0000] {processor.py:829} INFO - Processing file /opt/airflow/dags/dag_s_pipeline_expurge_compass_reviews.py for tasks to queue
[2025-01-28T00:12:01.308+0000] {logging_mixin.py:151} INFO - [2025-01-28T00:12:01.308+0000] {dagbag.py:536} INFO - Filling up the DagBag from /opt/airflow/dags/dag_s_pipeline_expurge_compass_reviews.py
[2025-01-28T00:12:01.317+0000] {logging_mixin.py:151} WARNING - /home/airflow/.local/lib/python3.8/site-packages/airflow/operators/python.py:177 RemovedInAirflow3Warning: The 'task_concurrency' parameter is deprecated. Please use 'max_active_tis_per_dag'.
[2025-01-28T00:12:01.324+0000] {processor.py:839} INFO - DAG(s) dict_keys(['dag_s_pipeline_expurge_compass_reviews']) retrieved from /opt/airflow/dags/dag_s_pipeline_expurge_compass_reviews.py
[2025-01-28T00:12:01.347+0000] {logging_mixin.py:151} INFO - [2025-01-28T00:12:01.347+0000] {dag.py:2941} INFO - Sync 1 DAGs
[2025-01-28T00:12:01.365+0000] {logging_mixin.py:151} INFO - [2025-01-28T00:12:01.365+0000] {dag.py:3722} INFO - Setting next_dagrun for dag_s_pipeline_expurge_compass_reviews to 2025-01-26T01:00:00+00:00, run_after=2025-02-02T01:00:00+00:00
[2025-01-28T00:12:01.381+0000] {processor.py:179} INFO - Processing /opt/airflow/dags/dag_s_pipeline_expurge_compass_reviews.py took 0.081 seconds
[2025-01-28T00:12:31.508+0000] {processor.py:157} INFO - Started process (PID=61) to work on /opt/airflow/dags/dag_s_pipeline_expurge_compass_reviews.py
[2025-01-28T00:12:31.509+0000] {processor.py:829} INFO - Processing file /opt/airflow/dags/dag_s_pipeline_expurge_compass_reviews.py for tasks to queue
[2025-01-28T00:12:31.510+0000] {logging_mixin.py:151} INFO - [2025-01-28T00:12:31.510+0000] {dagbag.py:536} INFO - Filling up the DagBag from /opt/airflow/dags/dag_s_pipeline_expurge_compass_reviews.py
[2025-01-28T00:12:31.519+0000] {logging_mixin.py:151} WARNING - /home/airflow/.local/lib/python3.8/site-packages/airflow/operators/python.py:177 RemovedInAirflow3Warning: The 'task_concurrency' parameter is deprecated. Please use 'max_active_tis_per_dag'.
[2025-01-28T00:12:31.525+0000] {processor.py:839} INFO - DAG(s) dict_keys(['dag_s_pipeline_expurge_compass_reviews']) retrieved from /opt/airflow/dags/dag_s_pipeline_expurge_compass_reviews.py
[2025-01-28T00:12:31.548+0000] {logging_mixin.py:151} INFO - [2025-01-28T00:12:31.547+0000] {dag.py:2941} INFO - Sync 1 DAGs
[2025-01-28T00:12:31.578+0000] {logging_mixin.py:151} INFO - [2025-01-28T00:12:31.578+0000] {dag.py:3722} INFO - Setting next_dagrun for dag_s_pipeline_expurge_compass_reviews to 2025-01-26T01:00:00+00:00, run_after=2025-02-02T01:00:00+00:00
[2025-01-28T00:12:31.594+0000] {processor.py:179} INFO - Processing /opt/airflow/dags/dag_s_pipeline_expurge_compass_reviews.py took 0.088 seconds
[2025-01-28T00:13:01.719+0000] {processor.py:157} INFO - Started process (PID=64) to work on /opt/airflow/dags/dag_s_pipeline_expurge_compass_reviews.py
[2025-01-28T00:13:01.720+0000] {processor.py:829} INFO - Processing file /opt/airflow/dags/dag_s_pipeline_expurge_compass_reviews.py for tasks to queue
[2025-01-28T00:13:01.722+0000] {logging_mixin.py:151} INFO - [2025-01-28T00:13:01.722+0000] {dagbag.py:536} INFO - Filling up the DagBag from /opt/airflow/dags/dag_s_pipeline_expurge_compass_reviews.py
[2025-01-28T00:13:01.731+0000] {logging_mixin.py:151} WARNING - /home/airflow/.local/lib/python3.8/site-packages/airflow/operators/python.py:177 RemovedInAirflow3Warning: The 'task_concurrency' parameter is deprecated. Please use 'max_active_tis_per_dag'.
[2025-01-28T00:13:01.736+0000] {processor.py:839} INFO - DAG(s) dict_keys(['dag_s_pipeline_expurge_compass_reviews']) retrieved from /opt/airflow/dags/dag_s_pipeline_expurge_compass_reviews.py
[2025-01-28T00:13:01.760+0000] {logging_mixin.py:151} INFO - [2025-01-28T00:13:01.760+0000] {dag.py:2941} INFO - Sync 1 DAGs
[2025-01-28T00:13:01.779+0000] {logging_mixin.py:151} INFO - [2025-01-28T00:13:01.779+0000] {dag.py:3722} INFO - Setting next_dagrun for dag_s_pipeline_expurge_compass_reviews to 2025-01-26T01:00:00+00:00, run_after=2025-02-02T01:00:00+00:00
[2025-01-28T00:13:01.794+0000] {processor.py:179} INFO - Processing /opt/airflow/dags/dag_s_pipeline_expurge_compass_reviews.py took 0.077 seconds
[2025-01-28T00:13:31.917+0000] {processor.py:157} INFO - Started process (PID=67) to work on /opt/airflow/dags/dag_s_pipeline_expurge_compass_reviews.py
[2025-01-28T00:13:31.917+0000] {processor.py:829} INFO - Processing file /opt/airflow/dags/dag_s_pipeline_expurge_compass_reviews.py for tasks to queue
[2025-01-28T00:13:31.919+0000] {logging_mixin.py:151} INFO - [2025-01-28T00:13:31.919+0000] {dagbag.py:536} INFO - Filling up the DagBag from /opt/airflow/dags/dag_s_pipeline_expurge_compass_reviews.py
[2025-01-28T00:13:31.928+0000] {logging_mixin.py:151} WARNING - /home/airflow/.local/lib/python3.8/site-packages/airflow/operators/python.py:177 RemovedInAirflow3Warning: The 'task_concurrency' parameter is deprecated. Please use 'max_active_tis_per_dag'.
[2025-01-28T00:13:31.933+0000] {processor.py:839} INFO - DAG(s) dict_keys(['dag_s_pipeline_expurge_compass_reviews']) retrieved from /opt/airflow/dags/dag_s_pipeline_expurge_compass_reviews.py
[2025-01-28T00:13:31.966+0000] {logging_mixin.py:151} INFO - [2025-01-28T00:13:31.965+0000] {dag.py:2941} INFO - Sync 1 DAGs
[2025-01-28T00:13:31.987+0000] {logging_mixin.py:151} INFO - [2025-01-28T00:13:31.987+0000] {dag.py:3722} INFO - Setting next_dagrun for dag_s_pipeline_expurge_compass_reviews to 2025-01-26T01:00:00+00:00, run_after=2025-02-02T01:00:00+00:00
[2025-01-28T00:13:32.002+0000] {processor.py:179} INFO - Processing /opt/airflow/dags/dag_s_pipeline_expurge_compass_reviews.py took 0.087 seconds
[2025-01-28T00:14:02.121+0000] {processor.py:157} INFO - Started process (PID=70) to work on /opt/airflow/dags/dag_s_pipeline_expurge_compass_reviews.py
[2025-01-28T00:14:02.122+0000] {processor.py:829} INFO - Processing file /opt/airflow/dags/dag_s_pipeline_expurge_compass_reviews.py for tasks to queue
[2025-01-28T00:14:02.124+0000] {logging_mixin.py:151} INFO - [2025-01-28T00:14:02.123+0000] {dagbag.py:536} INFO - Filling up the DagBag from /opt/airflow/dags/dag_s_pipeline_expurge_compass_reviews.py
[2025-01-28T00:14:02.133+0000] {logging_mixin.py:151} WARNING - /home/airflow/.local/lib/python3.8/site-packages/airflow/operators/python.py:177 RemovedInAirflow3Warning: The 'task_concurrency' parameter is deprecated. Please use 'max_active_tis_per_dag'.
[2025-01-28T00:14:02.139+0000] {processor.py:839} INFO - DAG(s) dict_keys(['dag_s_pipeline_expurge_compass_reviews']) retrieved from /opt/airflow/dags/dag_s_pipeline_expurge_compass_reviews.py
[2025-01-28T00:14:02.165+0000] {logging_mixin.py:151} INFO - [2025-01-28T00:14:02.165+0000] {dag.py:2941} INFO - Sync 1 DAGs
[2025-01-28T00:14:02.191+0000] {logging_mixin.py:151} INFO - [2025-01-28T00:14:02.190+0000] {dag.py:3722} INFO - Setting next_dagrun for dag_s_pipeline_expurge_compass_reviews to 2025-01-26T01:00:00+00:00, run_after=2025-02-02T01:00:00+00:00
[2025-01-28T00:14:02.210+0000] {processor.py:179} INFO - Processing /opt/airflow/dags/dag_s_pipeline_expurge_compass_reviews.py took 0.092 seconds
[2025-01-28T00:14:32.328+0000] {processor.py:157} INFO - Started process (PID=73) to work on /opt/airflow/dags/dag_s_pipeline_expurge_compass_reviews.py
[2025-01-28T00:14:32.329+0000] {processor.py:829} INFO - Processing file /opt/airflow/dags/dag_s_pipeline_expurge_compass_reviews.py for tasks to queue
[2025-01-28T00:14:32.331+0000] {logging_mixin.py:151} INFO - [2025-01-28T00:14:32.331+0000] {dagbag.py:536} INFO - Filling up the DagBag from /opt/airflow/dags/dag_s_pipeline_expurge_compass_reviews.py
[2025-01-28T00:14:32.340+0000] {logging_mixin.py:151} WARNING - /home/airflow/.local/lib/python3.8/site-packages/airflow/operators/python.py:177 RemovedInAirflow3Warning: The 'task_concurrency' parameter is deprecated. Please use 'max_active_tis_per_dag'.
[2025-01-28T00:14:32.345+0000] {processor.py:839} INFO - DAG(s) dict_keys(['dag_s_pipeline_expurge_compass_reviews']) retrieved from /opt/airflow/dags/dag_s_pipeline_expurge_compass_reviews.py
[2025-01-28T00:14:32.367+0000] {logging_mixin.py:151} INFO - [2025-01-28T00:14:32.367+0000] {dag.py:2941} INFO - Sync 1 DAGs
[2025-01-28T00:14:32.385+0000] {logging_mixin.py:151} INFO - [2025-01-28T00:14:32.384+0000] {dag.py:3722} INFO - Setting next_dagrun for dag_s_pipeline_expurge_compass_reviews to 2025-01-26T01:00:00+00:00, run_after=2025-02-02T01:00:00+00:00
[2025-01-28T00:14:32.399+0000] {processor.py:179} INFO - Processing /opt/airflow/dags/dag_s_pipeline_expurge_compass_reviews.py took 0.074 seconds
[2025-01-28T00:50:50.574+0000] {processor.py:157} INFO - Started process (PID=29) to work on /opt/airflow/dags/dag_s_pipeline_expurge_compass_reviews.py
[2025-01-28T00:50:50.618+0000] {processor.py:829} INFO - Processing file /opt/airflow/dags/dag_s_pipeline_expurge_compass_reviews.py for tasks to queue
[2025-01-28T00:50:50.620+0000] {logging_mixin.py:151} INFO - [2025-01-28T00:50:50.620+0000] {dagbag.py:536} INFO - Filling up the DagBag from /opt/airflow/dags/dag_s_pipeline_expurge_compass_reviews.py
[2025-01-28T00:50:50.635+0000] {logging_mixin.py:151} WARNING - /home/airflow/.local/lib/python3.8/site-packages/airflow/operators/python.py:177 RemovedInAirflow3Warning: The 'task_concurrency' parameter is deprecated. Please use 'max_active_tis_per_dag'.
[2025-01-28T00:50:50.656+0000] {processor.py:839} INFO - DAG(s) dict_keys(['dag_s_pipeline_expurge_compass_reviews']) retrieved from /opt/airflow/dags/dag_s_pipeline_expurge_compass_reviews.py
[2025-01-28T00:50:50.718+0000] {logging_mixin.py:151} INFO - [2025-01-28T00:50:50.718+0000] {dag.py:2941} INFO - Sync 1 DAGs
[2025-01-28T00:50:50.778+0000] {logging_mixin.py:151} INFO - [2025-01-28T00:50:50.778+0000] {dag.py:3722} INFO - Setting next_dagrun for dag_s_pipeline_expurge_compass_reviews to 2025-01-26T01:00:00+00:00, run_after=2025-02-02T01:00:00+00:00
[2025-01-28T00:50:50.842+0000] {processor.py:179} INFO - Processing /opt/airflow/dags/dag_s_pipeline_expurge_compass_reviews.py took 0.275 seconds
[2025-01-28T00:51:21.020+0000] {processor.py:157} INFO - Started process (PID=32) to work on /opt/airflow/dags/dag_s_pipeline_expurge_compass_reviews.py
[2025-01-28T00:51:21.021+0000] {processor.py:829} INFO - Processing file /opt/airflow/dags/dag_s_pipeline_expurge_compass_reviews.py for tasks to queue
[2025-01-28T00:51:21.023+0000] {logging_mixin.py:151} INFO - [2025-01-28T00:51:21.023+0000] {dagbag.py:536} INFO - Filling up the DagBag from /opt/airflow/dags/dag_s_pipeline_expurge_compass_reviews.py
[2025-01-28T00:51:21.038+0000] {logging_mixin.py:151} WARNING - /home/airflow/.local/lib/python3.8/site-packages/airflow/operators/python.py:177 RemovedInAirflow3Warning: The 'task_concurrency' parameter is deprecated. Please use 'max_active_tis_per_dag'.
[2025-01-28T00:51:21.049+0000] {processor.py:839} INFO - DAG(s) dict_keys(['dag_s_pipeline_expurge_compass_reviews']) retrieved from /opt/airflow/dags/dag_s_pipeline_expurge_compass_reviews.py
[2025-01-28T00:51:21.109+0000] {logging_mixin.py:151} INFO - [2025-01-28T00:51:21.108+0000] {dag.py:2941} INFO - Sync 1 DAGs
[2025-01-28T00:51:21.143+0000] {logging_mixin.py:151} INFO - [2025-01-28T00:51:21.143+0000] {dag.py:3722} INFO - Setting next_dagrun for dag_s_pipeline_expurge_compass_reviews to 2025-01-26T01:00:00+00:00, run_after=2025-02-02T01:00:00+00:00
[2025-01-28T00:51:21.175+0000] {processor.py:179} INFO - Processing /opt/airflow/dags/dag_s_pipeline_expurge_compass_reviews.py took 0.161 seconds
[2025-01-28T00:51:51.335+0000] {processor.py:157} INFO - Started process (PID=35) to work on /opt/airflow/dags/dag_s_pipeline_expurge_compass_reviews.py
[2025-01-28T00:51:51.336+0000] {processor.py:829} INFO - Processing file /opt/airflow/dags/dag_s_pipeline_expurge_compass_reviews.py for tasks to queue
[2025-01-28T00:51:51.338+0000] {logging_mixin.py:151} INFO - [2025-01-28T00:51:51.338+0000] {dagbag.py:536} INFO - Filling up the DagBag from /opt/airflow/dags/dag_s_pipeline_expurge_compass_reviews.py
[2025-01-28T00:51:51.347+0000] {logging_mixin.py:151} WARNING - /home/airflow/.local/lib/python3.8/site-packages/airflow/operators/python.py:177 RemovedInAirflow3Warning: The 'task_concurrency' parameter is deprecated. Please use 'max_active_tis_per_dag'.
[2025-01-28T00:51:51.357+0000] {processor.py:839} INFO - DAG(s) dict_keys(['dag_s_pipeline_expurge_compass_reviews']) retrieved from /opt/airflow/dags/dag_s_pipeline_expurge_compass_reviews.py
[2025-01-28T00:51:51.385+0000] {logging_mixin.py:151} INFO - [2025-01-28T00:51:51.385+0000] {dag.py:2941} INFO - Sync 1 DAGs
[2025-01-28T00:51:51.407+0000] {logging_mixin.py:151} INFO - [2025-01-28T00:51:51.407+0000] {dag.py:3722} INFO - Setting next_dagrun for dag_s_pipeline_expurge_compass_reviews to 2025-01-26T01:00:00+00:00, run_after=2025-02-02T01:00:00+00:00
[2025-01-28T00:51:51.425+0000] {processor.py:179} INFO - Processing /opt/airflow/dags/dag_s_pipeline_expurge_compass_reviews.py took 0.093 seconds
[2025-01-28T00:52:21.551+0000] {processor.py:157} INFO - Started process (PID=38) to work on /opt/airflow/dags/dag_s_pipeline_expurge_compass_reviews.py
[2025-01-28T00:52:21.552+0000] {processor.py:829} INFO - Processing file /opt/airflow/dags/dag_s_pipeline_expurge_compass_reviews.py for tasks to queue
[2025-01-28T00:52:21.553+0000] {logging_mixin.py:151} INFO - [2025-01-28T00:52:21.553+0000] {dagbag.py:536} INFO - Filling up the DagBag from /opt/airflow/dags/dag_s_pipeline_expurge_compass_reviews.py
[2025-01-28T00:52:21.563+0000] {logging_mixin.py:151} WARNING - /home/airflow/.local/lib/python3.8/site-packages/airflow/operators/python.py:177 RemovedInAirflow3Warning: The 'task_concurrency' parameter is deprecated. Please use 'max_active_tis_per_dag'.
[2025-01-28T00:52:21.569+0000] {processor.py:839} INFO - DAG(s) dict_keys(['dag_s_pipeline_expurge_compass_reviews']) retrieved from /opt/airflow/dags/dag_s_pipeline_expurge_compass_reviews.py
[2025-01-28T00:52:21.594+0000] {logging_mixin.py:151} INFO - [2025-01-28T00:52:21.594+0000] {dag.py:2941} INFO - Sync 1 DAGs
[2025-01-28T00:52:21.615+0000] {logging_mixin.py:151} INFO - [2025-01-28T00:52:21.615+0000] {dag.py:3722} INFO - Setting next_dagrun for dag_s_pipeline_expurge_compass_reviews to 2025-01-26T01:00:00+00:00, run_after=2025-02-02T01:00:00+00:00
[2025-01-28T00:52:21.631+0000] {processor.py:179} INFO - Processing /opt/airflow/dags/dag_s_pipeline_expurge_compass_reviews.py took 0.082 seconds
[2025-01-28T00:52:51.755+0000] {processor.py:157} INFO - Started process (PID=41) to work on /opt/airflow/dags/dag_s_pipeline_expurge_compass_reviews.py
[2025-01-28T00:52:51.756+0000] {processor.py:829} INFO - Processing file /opt/airflow/dags/dag_s_pipeline_expurge_compass_reviews.py for tasks to queue
[2025-01-28T00:52:51.758+0000] {logging_mixin.py:151} INFO - [2025-01-28T00:52:51.758+0000] {dagbag.py:536} INFO - Filling up the DagBag from /opt/airflow/dags/dag_s_pipeline_expurge_compass_reviews.py
[2025-01-28T00:52:51.768+0000] {logging_mixin.py:151} WARNING - /home/airflow/.local/lib/python3.8/site-packages/airflow/operators/python.py:177 RemovedInAirflow3Warning: The 'task_concurrency' parameter is deprecated. Please use 'max_active_tis_per_dag'.
[2025-01-28T00:52:51.774+0000] {processor.py:839} INFO - DAG(s) dict_keys(['dag_s_pipeline_expurge_compass_reviews']) retrieved from /opt/airflow/dags/dag_s_pipeline_expurge_compass_reviews.py
[2025-01-28T00:52:51.809+0000] {logging_mixin.py:151} INFO - [2025-01-28T00:52:51.809+0000] {dag.py:2941} INFO - Sync 1 DAGs
[2025-01-28T00:52:51.833+0000] {logging_mixin.py:151} INFO - [2025-01-28T00:52:51.833+0000] {dag.py:3722} INFO - Setting next_dagrun for dag_s_pipeline_expurge_compass_reviews to 2025-01-26T01:00:00+00:00, run_after=2025-02-02T01:00:00+00:00
[2025-01-28T00:52:51.852+0000] {processor.py:179} INFO - Processing /opt/airflow/dags/dag_s_pipeline_expurge_compass_reviews.py took 0.100 seconds
[2025-01-28T00:53:21.978+0000] {processor.py:157} INFO - Started process (PID=44) to work on /opt/airflow/dags/dag_s_pipeline_expurge_compass_reviews.py
[2025-01-28T00:53:22.088+0000] {processor.py:829} INFO - Processing file /opt/airflow/dags/dag_s_pipeline_expurge_compass_reviews.py for tasks to queue
[2025-01-28T00:53:22.137+0000] {logging_mixin.py:151} INFO - [2025-01-28T00:53:22.136+0000] {dagbag.py:536} INFO - Filling up the DagBag from /opt/airflow/dags/dag_s_pipeline_expurge_compass_reviews.py
[2025-01-28T00:53:22.149+0000] {logging_mixin.py:151} WARNING - /home/airflow/.local/lib/python3.8/site-packages/airflow/operators/python.py:177 RemovedInAirflow3Warning: The 'task_concurrency' parameter is deprecated. Please use 'max_active_tis_per_dag'.
[2025-01-28T00:53:22.155+0000] {processor.py:839} INFO - DAG(s) dict_keys(['dag_s_pipeline_expurge_compass_reviews']) retrieved from /opt/airflow/dags/dag_s_pipeline_expurge_compass_reviews.py
[2025-01-28T00:53:22.178+0000] {logging_mixin.py:151} INFO - [2025-01-28T00:53:22.178+0000] {dag.py:2941} INFO - Sync 1 DAGs
[2025-01-28T00:53:22.203+0000] {logging_mixin.py:151} INFO - [2025-01-28T00:53:22.203+0000] {dag.py:3722} INFO - Setting next_dagrun for dag_s_pipeline_expurge_compass_reviews to 2025-01-26T01:00:00+00:00, run_after=2025-02-02T01:00:00+00:00
[2025-01-28T00:53:22.258+0000] {processor.py:179} INFO - Processing /opt/airflow/dags/dag_s_pipeline_expurge_compass_reviews.py took 0.282 seconds
[2025-01-28T00:53:52.387+0000] {processor.py:157} INFO - Started process (PID=47) to work on /opt/airflow/dags/dag_s_pipeline_expurge_compass_reviews.py
[2025-01-28T00:53:52.388+0000] {processor.py:829} INFO - Processing file /opt/airflow/dags/dag_s_pipeline_expurge_compass_reviews.py for tasks to queue
[2025-01-28T00:53:52.389+0000] {logging_mixin.py:151} INFO - [2025-01-28T00:53:52.389+0000] {dagbag.py:536} INFO - Filling up the DagBag from /opt/airflow/dags/dag_s_pipeline_expurge_compass_reviews.py
[2025-01-28T00:53:52.398+0000] {logging_mixin.py:151} WARNING - /home/airflow/.local/lib/python3.8/site-packages/airflow/operators/python.py:177 RemovedInAirflow3Warning: The 'task_concurrency' parameter is deprecated. Please use 'max_active_tis_per_dag'.
[2025-01-28T00:53:52.404+0000] {processor.py:839} INFO - DAG(s) dict_keys(['dag_s_pipeline_expurge_compass_reviews']) retrieved from /opt/airflow/dags/dag_s_pipeline_expurge_compass_reviews.py
[2025-01-28T00:53:52.426+0000] {logging_mixin.py:151} INFO - [2025-01-28T00:53:52.426+0000] {dag.py:2941} INFO - Sync 1 DAGs
[2025-01-28T00:53:52.443+0000] {logging_mixin.py:151} INFO - [2025-01-28T00:53:52.443+0000] {dag.py:3722} INFO - Setting next_dagrun for dag_s_pipeline_expurge_compass_reviews to 2025-01-26T01:00:00+00:00, run_after=2025-02-02T01:00:00+00:00
[2025-01-28T00:53:52.458+0000] {processor.py:179} INFO - Processing /opt/airflow/dags/dag_s_pipeline_expurge_compass_reviews.py took 0.076 seconds
[2025-01-28T00:54:22.578+0000] {processor.py:157} INFO - Started process (PID=50) to work on /opt/airflow/dags/dag_s_pipeline_expurge_compass_reviews.py
[2025-01-28T00:54:22.581+0000] {processor.py:829} INFO - Processing file /opt/airflow/dags/dag_s_pipeline_expurge_compass_reviews.py for tasks to queue
[2025-01-28T00:54:22.583+0000] {logging_mixin.py:151} INFO - [2025-01-28T00:54:22.583+0000] {dagbag.py:536} INFO - Filling up the DagBag from /opt/airflow/dags/dag_s_pipeline_expurge_compass_reviews.py
[2025-01-28T00:54:22.592+0000] {logging_mixin.py:151} WARNING - /home/airflow/.local/lib/python3.8/site-packages/airflow/operators/python.py:177 RemovedInAirflow3Warning: The 'task_concurrency' parameter is deprecated. Please use 'max_active_tis_per_dag'.
[2025-01-28T00:54:22.598+0000] {processor.py:839} INFO - DAG(s) dict_keys(['dag_s_pipeline_expurge_compass_reviews']) retrieved from /opt/airflow/dags/dag_s_pipeline_expurge_compass_reviews.py
[2025-01-28T00:54:22.619+0000] {logging_mixin.py:151} INFO - [2025-01-28T00:54:22.619+0000] {dag.py:2941} INFO - Sync 1 DAGs
[2025-01-28T00:54:22.636+0000] {logging_mixin.py:151} INFO - [2025-01-28T00:54:22.636+0000] {dag.py:3722} INFO - Setting next_dagrun for dag_s_pipeline_expurge_compass_reviews to 2025-01-26T01:00:00+00:00, run_after=2025-02-02T01:00:00+00:00
[2025-01-28T00:54:22.651+0000] {processor.py:179} INFO - Processing /opt/airflow/dags/dag_s_pipeline_expurge_compass_reviews.py took 0.076 seconds
