[2025-01-28T00:07:28.274+0000] {processor.py:157} INFO - Started process (PID=30) to work on /opt/airflow/dags/dag_e_pipeline_compass_reviews.py
[2025-01-28T00:07:28.275+0000] {processor.py:829} INFO - Processing file /opt/airflow/dags/dag_e_pipeline_compass_reviews.py for tasks to queue
[2025-01-28T00:07:28.319+0000] {logging_mixin.py:151} INFO - [2025-01-28T00:07:28.306+0000] {dagbag.py:536} INFO - Filling up the DagBag from /opt/airflow/dags/dag_e_pipeline_compass_reviews.py
[2025-01-28T00:07:28.453+0000] {logging_mixin.py:151} WARNING - /home/airflow/.local/lib/python3.8/site-packages/airflow/operators/python.py:177 RemovedInAirflow3Warning: The 'task_concurrency' parameter is deprecated. Please use 'max_active_tis_per_dag'.
[2025-01-28T00:07:28.549+0000] {processor.py:839} INFO - DAG(s) dict_keys(['dag_e_pipeline_compass_reviews']) retrieved from /opt/airflow/dags/dag_e_pipeline_compass_reviews.py
[2025-01-28T00:07:29.002+0000] {logging_mixin.py:151} INFO - [2025-01-28T00:07:29.002+0000] {dag.py:2941} INFO - Sync 1 DAGs
[2025-01-28T00:07:29.126+0000] {logging_mixin.py:151} INFO - [2025-01-28T00:07:29.126+0000] {dag.py:3722} INFO - Setting next_dagrun for dag_e_pipeline_compass_reviews to None, run_after=None
[2025-01-28T00:07:29.284+0000] {processor.py:179} INFO - Processing /opt/airflow/dags/dag_e_pipeline_compass_reviews.py took 1.049 seconds
[2025-01-28T00:07:59.622+0000] {processor.py:157} INFO - Started process (PID=35) to work on /opt/airflow/dags/dag_e_pipeline_compass_reviews.py
[2025-01-28T00:07:59.623+0000] {processor.py:829} INFO - Processing file /opt/airflow/dags/dag_e_pipeline_compass_reviews.py for tasks to queue
[2025-01-28T00:07:59.624+0000] {logging_mixin.py:151} INFO - [2025-01-28T00:07:59.624+0000] {dagbag.py:536} INFO - Filling up the DagBag from /opt/airflow/dags/dag_e_pipeline_compass_reviews.py
[2025-01-28T00:07:59.633+0000] {logging_mixin.py:151} WARNING - /home/airflow/.local/lib/python3.8/site-packages/airflow/operators/python.py:177 RemovedInAirflow3Warning: The 'task_concurrency' parameter is deprecated. Please use 'max_active_tis_per_dag'.
[2025-01-28T00:07:59.642+0000] {processor.py:839} INFO - DAG(s) dict_keys(['dag_e_pipeline_compass_reviews']) retrieved from /opt/airflow/dags/dag_e_pipeline_compass_reviews.py
[2025-01-28T00:07:59.674+0000] {logging_mixin.py:151} INFO - [2025-01-28T00:07:59.674+0000] {dag.py:2941} INFO - Sync 1 DAGs
[2025-01-28T00:07:59.684+0000] {logging_mixin.py:151} INFO - [2025-01-28T00:07:59.684+0000] {dag.py:3722} INFO - Setting next_dagrun for dag_e_pipeline_compass_reviews to None, run_after=None
[2025-01-28T00:07:59.710+0000] {processor.py:179} INFO - Processing /opt/airflow/dags/dag_e_pipeline_compass_reviews.py took 0.090 seconds
[2025-01-28T00:08:29.829+0000] {processor.py:157} INFO - Started process (PID=38) to work on /opt/airflow/dags/dag_e_pipeline_compass_reviews.py
[2025-01-28T00:08:29.830+0000] {processor.py:829} INFO - Processing file /opt/airflow/dags/dag_e_pipeline_compass_reviews.py for tasks to queue
[2025-01-28T00:08:29.832+0000] {logging_mixin.py:151} INFO - [2025-01-28T00:08:29.831+0000] {dagbag.py:536} INFO - Filling up the DagBag from /opt/airflow/dags/dag_e_pipeline_compass_reviews.py
[2025-01-28T00:08:29.840+0000] {logging_mixin.py:151} WARNING - /home/airflow/.local/lib/python3.8/site-packages/airflow/operators/python.py:177 RemovedInAirflow3Warning: The 'task_concurrency' parameter is deprecated. Please use 'max_active_tis_per_dag'.
[2025-01-28T00:08:29.844+0000] {processor.py:839} INFO - DAG(s) dict_keys(['dag_e_pipeline_compass_reviews']) retrieved from /opt/airflow/dags/dag_e_pipeline_compass_reviews.py
[2025-01-28T00:08:29.865+0000] {logging_mixin.py:151} INFO - [2025-01-28T00:08:29.865+0000] {dag.py:2941} INFO - Sync 1 DAGs
[2025-01-28T00:08:29.874+0000] {logging_mixin.py:151} INFO - [2025-01-28T00:08:29.874+0000] {dag.py:3722} INFO - Setting next_dagrun for dag_e_pipeline_compass_reviews to None, run_after=None
[2025-01-28T00:08:29.891+0000] {processor.py:179} INFO - Processing /opt/airflow/dags/dag_e_pipeline_compass_reviews.py took 0.064 seconds
[2025-01-28T00:09:00.037+0000] {processor.py:157} INFO - Started process (PID=41) to work on /opt/airflow/dags/dag_e_pipeline_compass_reviews.py
[2025-01-28T00:09:00.038+0000] {processor.py:829} INFO - Processing file /opt/airflow/dags/dag_e_pipeline_compass_reviews.py for tasks to queue
[2025-01-28T00:09:00.040+0000] {logging_mixin.py:151} INFO - [2025-01-28T00:09:00.040+0000] {dagbag.py:536} INFO - Filling up the DagBag from /opt/airflow/dags/dag_e_pipeline_compass_reviews.py
[2025-01-28T00:09:00.049+0000] {logging_mixin.py:151} WARNING - /home/airflow/.local/lib/python3.8/site-packages/airflow/operators/python.py:177 RemovedInAirflow3Warning: The 'task_concurrency' parameter is deprecated. Please use 'max_active_tis_per_dag'.
[2025-01-28T00:09:00.052+0000] {processor.py:839} INFO - DAG(s) dict_keys(['dag_e_pipeline_compass_reviews']) retrieved from /opt/airflow/dags/dag_e_pipeline_compass_reviews.py
[2025-01-28T00:09:00.078+0000] {logging_mixin.py:151} INFO - [2025-01-28T00:09:00.078+0000] {dag.py:2941} INFO - Sync 1 DAGs
[2025-01-28T00:09:00.088+0000] {logging_mixin.py:151} INFO - [2025-01-28T00:09:00.088+0000] {dag.py:3722} INFO - Setting next_dagrun for dag_e_pipeline_compass_reviews to None, run_after=None
[2025-01-28T00:09:00.105+0000] {processor.py:179} INFO - Processing /opt/airflow/dags/dag_e_pipeline_compass_reviews.py took 0.074 seconds
[2025-01-28T00:09:30.258+0000] {processor.py:157} INFO - Started process (PID=44) to work on /opt/airflow/dags/dag_e_pipeline_compass_reviews.py
[2025-01-28T00:09:30.295+0000] {processor.py:829} INFO - Processing file /opt/airflow/dags/dag_e_pipeline_compass_reviews.py for tasks to queue
[2025-01-28T00:09:30.297+0000] {logging_mixin.py:151} INFO - [2025-01-28T00:09:30.297+0000] {dagbag.py:536} INFO - Filling up the DagBag from /opt/airflow/dags/dag_e_pipeline_compass_reviews.py
[2025-01-28T00:09:30.306+0000] {logging_mixin.py:151} WARNING - /home/airflow/.local/lib/python3.8/site-packages/airflow/operators/python.py:177 RemovedInAirflow3Warning: The 'task_concurrency' parameter is deprecated. Please use 'max_active_tis_per_dag'.
[2025-01-28T00:09:30.311+0000] {processor.py:839} INFO - DAG(s) dict_keys(['dag_e_pipeline_compass_reviews']) retrieved from /opt/airflow/dags/dag_e_pipeline_compass_reviews.py
[2025-01-28T00:09:30.334+0000] {logging_mixin.py:151} INFO - [2025-01-28T00:09:30.334+0000] {dag.py:2941} INFO - Sync 1 DAGs
[2025-01-28T00:09:30.344+0000] {logging_mixin.py:151} INFO - [2025-01-28T00:09:30.344+0000] {dag.py:3722} INFO - Setting next_dagrun for dag_e_pipeline_compass_reviews to None, run_after=None
[2025-01-28T00:09:30.360+0000] {processor.py:179} INFO - Processing /opt/airflow/dags/dag_e_pipeline_compass_reviews.py took 0.104 seconds
[2025-01-28T00:10:00.494+0000] {processor.py:157} INFO - Started process (PID=47) to work on /opt/airflow/dags/dag_e_pipeline_compass_reviews.py
[2025-01-28T00:10:00.495+0000] {processor.py:829} INFO - Processing file /opt/airflow/dags/dag_e_pipeline_compass_reviews.py for tasks to queue
[2025-01-28T00:10:00.497+0000] {logging_mixin.py:151} INFO - [2025-01-28T00:10:00.496+0000] {dagbag.py:536} INFO - Filling up the DagBag from /opt/airflow/dags/dag_e_pipeline_compass_reviews.py
[2025-01-28T00:10:00.505+0000] {logging_mixin.py:151} WARNING - /home/airflow/.local/lib/python3.8/site-packages/airflow/operators/python.py:177 RemovedInAirflow3Warning: The 'task_concurrency' parameter is deprecated. Please use 'max_active_tis_per_dag'.
[2025-01-28T00:10:00.509+0000] {processor.py:839} INFO - DAG(s) dict_keys(['dag_e_pipeline_compass_reviews']) retrieved from /opt/airflow/dags/dag_e_pipeline_compass_reviews.py
[2025-01-28T00:10:00.528+0000] {logging_mixin.py:151} INFO - [2025-01-28T00:10:00.528+0000] {dag.py:2941} INFO - Sync 1 DAGs
[2025-01-28T00:10:00.540+0000] {logging_mixin.py:151} INFO - [2025-01-28T00:10:00.539+0000] {dag.py:3722} INFO - Setting next_dagrun for dag_e_pipeline_compass_reviews to None, run_after=None
[2025-01-28T00:10:00.554+0000] {processor.py:179} INFO - Processing /opt/airflow/dags/dag_e_pipeline_compass_reviews.py took 0.063 seconds
[2025-01-28T00:10:30.692+0000] {processor.py:157} INFO - Started process (PID=50) to work on /opt/airflow/dags/dag_e_pipeline_compass_reviews.py
[2025-01-28T00:10:30.693+0000] {processor.py:829} INFO - Processing file /opt/airflow/dags/dag_e_pipeline_compass_reviews.py for tasks to queue
[2025-01-28T00:10:30.695+0000] {logging_mixin.py:151} INFO - [2025-01-28T00:10:30.694+0000] {dagbag.py:536} INFO - Filling up the DagBag from /opt/airflow/dags/dag_e_pipeline_compass_reviews.py
[2025-01-28T00:10:30.703+0000] {logging_mixin.py:151} WARNING - /home/airflow/.local/lib/python3.8/site-packages/airflow/operators/python.py:177 RemovedInAirflow3Warning: The 'task_concurrency' parameter is deprecated. Please use 'max_active_tis_per_dag'.
[2025-01-28T00:10:30.706+0000] {processor.py:839} INFO - DAG(s) dict_keys(['dag_e_pipeline_compass_reviews']) retrieved from /opt/airflow/dags/dag_e_pipeline_compass_reviews.py
[2025-01-28T00:10:30.731+0000] {logging_mixin.py:151} INFO - [2025-01-28T00:10:30.731+0000] {dag.py:2941} INFO - Sync 1 DAGs
[2025-01-28T00:10:30.740+0000] {logging_mixin.py:151} INFO - [2025-01-28T00:10:30.740+0000] {dag.py:3722} INFO - Setting next_dagrun for dag_e_pipeline_compass_reviews to None, run_after=None
[2025-01-28T00:10:30.756+0000] {processor.py:179} INFO - Processing /opt/airflow/dags/dag_e_pipeline_compass_reviews.py took 0.066 seconds
[2025-01-28T00:11:00.889+0000] {processor.py:157} INFO - Started process (PID=53) to work on /opt/airflow/dags/dag_e_pipeline_compass_reviews.py
[2025-01-28T00:11:00.890+0000] {processor.py:829} INFO - Processing file /opt/airflow/dags/dag_e_pipeline_compass_reviews.py for tasks to queue
[2025-01-28T00:11:00.891+0000] {logging_mixin.py:151} INFO - [2025-01-28T00:11:00.891+0000] {dagbag.py:536} INFO - Filling up the DagBag from /opt/airflow/dags/dag_e_pipeline_compass_reviews.py
[2025-01-28T00:11:00.899+0000] {logging_mixin.py:151} WARNING - /home/airflow/.local/lib/python3.8/site-packages/airflow/operators/python.py:177 RemovedInAirflow3Warning: The 'task_concurrency' parameter is deprecated. Please use 'max_active_tis_per_dag'.
[2025-01-28T00:11:00.903+0000] {processor.py:839} INFO - DAG(s) dict_keys(['dag_e_pipeline_compass_reviews']) retrieved from /opt/airflow/dags/dag_e_pipeline_compass_reviews.py
[2025-01-28T00:11:00.923+0000] {logging_mixin.py:151} INFO - [2025-01-28T00:11:00.922+0000] {dag.py:2941} INFO - Sync 1 DAGs
[2025-01-28T00:11:00.931+0000] {logging_mixin.py:151} INFO - [2025-01-28T00:11:00.931+0000] {dag.py:3722} INFO - Setting next_dagrun for dag_e_pipeline_compass_reviews to None, run_after=None
[2025-01-28T00:11:00.947+0000] {processor.py:179} INFO - Processing /opt/airflow/dags/dag_e_pipeline_compass_reviews.py took 0.061 seconds
[2025-01-28T00:11:31.094+0000] {processor.py:157} INFO - Started process (PID=56) to work on /opt/airflow/dags/dag_e_pipeline_compass_reviews.py
[2025-01-28T00:11:31.095+0000] {processor.py:829} INFO - Processing file /opt/airflow/dags/dag_e_pipeline_compass_reviews.py for tasks to queue
[2025-01-28T00:11:31.097+0000] {logging_mixin.py:151} INFO - [2025-01-28T00:11:31.096+0000] {dagbag.py:536} INFO - Filling up the DagBag from /opt/airflow/dags/dag_e_pipeline_compass_reviews.py
[2025-01-28T00:11:31.106+0000] {logging_mixin.py:151} WARNING - /home/airflow/.local/lib/python3.8/site-packages/airflow/operators/python.py:177 RemovedInAirflow3Warning: The 'task_concurrency' parameter is deprecated. Please use 'max_active_tis_per_dag'.
[2025-01-28T00:11:31.110+0000] {processor.py:839} INFO - DAG(s) dict_keys(['dag_e_pipeline_compass_reviews']) retrieved from /opt/airflow/dags/dag_e_pipeline_compass_reviews.py
[2025-01-28T00:11:31.139+0000] {logging_mixin.py:151} INFO - [2025-01-28T00:11:31.139+0000] {dag.py:2941} INFO - Sync 1 DAGs
[2025-01-28T00:11:31.148+0000] {logging_mixin.py:151} INFO - [2025-01-28T00:11:31.148+0000] {dag.py:3722} INFO - Setting next_dagrun for dag_e_pipeline_compass_reviews to None, run_after=None
[2025-01-28T00:11:31.168+0000] {processor.py:179} INFO - Processing /opt/airflow/dags/dag_e_pipeline_compass_reviews.py took 0.077 seconds
[2025-01-28T00:12:01.308+0000] {processor.py:157} INFO - Started process (PID=59) to work on /opt/airflow/dags/dag_e_pipeline_compass_reviews.py
[2025-01-28T00:12:01.309+0000] {processor.py:829} INFO - Processing file /opt/airflow/dags/dag_e_pipeline_compass_reviews.py for tasks to queue
[2025-01-28T00:12:01.310+0000] {logging_mixin.py:151} INFO - [2025-01-28T00:12:01.310+0000] {dagbag.py:536} INFO - Filling up the DagBag from /opt/airflow/dags/dag_e_pipeline_compass_reviews.py
[2025-01-28T00:12:01.320+0000] {logging_mixin.py:151} WARNING - /home/airflow/.local/lib/python3.8/site-packages/airflow/operators/python.py:177 RemovedInAirflow3Warning: The 'task_concurrency' parameter is deprecated. Please use 'max_active_tis_per_dag'.
[2025-01-28T00:12:01.324+0000] {processor.py:839} INFO - DAG(s) dict_keys(['dag_e_pipeline_compass_reviews']) retrieved from /opt/airflow/dags/dag_e_pipeline_compass_reviews.py
[2025-01-28T00:12:01.345+0000] {logging_mixin.py:151} INFO - [2025-01-28T00:12:01.345+0000] {dag.py:2941} INFO - Sync 1 DAGs
[2025-01-28T00:12:01.354+0000] {logging_mixin.py:151} INFO - [2025-01-28T00:12:01.354+0000] {dag.py:3722} INFO - Setting next_dagrun for dag_e_pipeline_compass_reviews to None, run_after=None
[2025-01-28T00:12:01.370+0000] {processor.py:179} INFO - Processing /opt/airflow/dags/dag_e_pipeline_compass_reviews.py took 0.065 seconds
[2025-01-28T00:12:31.512+0000] {processor.py:157} INFO - Started process (PID=62) to work on /opt/airflow/dags/dag_e_pipeline_compass_reviews.py
[2025-01-28T00:12:31.513+0000] {processor.py:829} INFO - Processing file /opt/airflow/dags/dag_e_pipeline_compass_reviews.py for tasks to queue
[2025-01-28T00:12:31.515+0000] {logging_mixin.py:151} INFO - [2025-01-28T00:12:31.514+0000] {dagbag.py:536} INFO - Filling up the DagBag from /opt/airflow/dags/dag_e_pipeline_compass_reviews.py
[2025-01-28T00:12:31.522+0000] {logging_mixin.py:151} WARNING - /home/airflow/.local/lib/python3.8/site-packages/airflow/operators/python.py:177 RemovedInAirflow3Warning: The 'task_concurrency' parameter is deprecated. Please use 'max_active_tis_per_dag'.
[2025-01-28T00:12:31.526+0000] {processor.py:839} INFO - DAG(s) dict_keys(['dag_e_pipeline_compass_reviews']) retrieved from /opt/airflow/dags/dag_e_pipeline_compass_reviews.py
[2025-01-28T00:12:31.546+0000] {logging_mixin.py:151} INFO - [2025-01-28T00:12:31.546+0000] {dag.py:2941} INFO - Sync 1 DAGs
[2025-01-28T00:12:31.555+0000] {logging_mixin.py:151} INFO - [2025-01-28T00:12:31.555+0000] {dag.py:3722} INFO - Setting next_dagrun for dag_e_pipeline_compass_reviews to None, run_after=None
[2025-01-28T00:12:31.578+0000] {processor.py:179} INFO - Processing /opt/airflow/dags/dag_e_pipeline_compass_reviews.py took 0.069 seconds
[2025-01-28T00:13:01.724+0000] {processor.py:157} INFO - Started process (PID=65) to work on /opt/airflow/dags/dag_e_pipeline_compass_reviews.py
[2025-01-28T00:13:01.725+0000] {processor.py:829} INFO - Processing file /opt/airflow/dags/dag_e_pipeline_compass_reviews.py for tasks to queue
[2025-01-28T00:13:01.727+0000] {logging_mixin.py:151} INFO - [2025-01-28T00:13:01.727+0000] {dagbag.py:536} INFO - Filling up the DagBag from /opt/airflow/dags/dag_e_pipeline_compass_reviews.py
[2025-01-28T00:13:01.735+0000] {logging_mixin.py:151} WARNING - /home/airflow/.local/lib/python3.8/site-packages/airflow/operators/python.py:177 RemovedInAirflow3Warning: The 'task_concurrency' parameter is deprecated. Please use 'max_active_tis_per_dag'.
[2025-01-28T00:13:01.739+0000] {processor.py:839} INFO - DAG(s) dict_keys(['dag_e_pipeline_compass_reviews']) retrieved from /opt/airflow/dags/dag_e_pipeline_compass_reviews.py
[2025-01-28T00:13:01.759+0000] {logging_mixin.py:151} INFO - [2025-01-28T00:13:01.759+0000] {dag.py:2941} INFO - Sync 1 DAGs
[2025-01-28T00:13:01.769+0000] {logging_mixin.py:151} INFO - [2025-01-28T00:13:01.768+0000] {dag.py:3722} INFO - Setting next_dagrun for dag_e_pipeline_compass_reviews to None, run_after=None
[2025-01-28T00:13:01.785+0000] {processor.py:179} INFO - Processing /opt/airflow/dags/dag_e_pipeline_compass_reviews.py took 0.063 seconds
[2025-01-28T00:13:31.921+0000] {processor.py:157} INFO - Started process (PID=68) to work on /opt/airflow/dags/dag_e_pipeline_compass_reviews.py
[2025-01-28T00:13:31.922+0000] {processor.py:829} INFO - Processing file /opt/airflow/dags/dag_e_pipeline_compass_reviews.py for tasks to queue
[2025-01-28T00:13:31.923+0000] {logging_mixin.py:151} INFO - [2025-01-28T00:13:31.923+0000] {dagbag.py:536} INFO - Filling up the DagBag from /opt/airflow/dags/dag_e_pipeline_compass_reviews.py
[2025-01-28T00:13:31.932+0000] {logging_mixin.py:151} WARNING - /home/airflow/.local/lib/python3.8/site-packages/airflow/operators/python.py:177 RemovedInAirflow3Warning: The 'task_concurrency' parameter is deprecated. Please use 'max_active_tis_per_dag'.
[2025-01-28T00:13:31.935+0000] {processor.py:839} INFO - DAG(s) dict_keys(['dag_e_pipeline_compass_reviews']) retrieved from /opt/airflow/dags/dag_e_pipeline_compass_reviews.py
[2025-01-28T00:13:31.956+0000] {logging_mixin.py:151} INFO - [2025-01-28T00:13:31.956+0000] {dag.py:2941} INFO - Sync 1 DAGs
[2025-01-28T00:13:31.973+0000] {logging_mixin.py:151} INFO - [2025-01-28T00:13:31.973+0000] {dag.py:3722} INFO - Setting next_dagrun for dag_e_pipeline_compass_reviews to None, run_after=None
[2025-01-28T00:13:31.990+0000] {processor.py:179} INFO - Processing /opt/airflow/dags/dag_e_pipeline_compass_reviews.py took 0.071 seconds
[2025-01-28T00:14:02.126+0000] {processor.py:157} INFO - Started process (PID=71) to work on /opt/airflow/dags/dag_e_pipeline_compass_reviews.py
[2025-01-28T00:14:02.127+0000] {processor.py:829} INFO - Processing file /opt/airflow/dags/dag_e_pipeline_compass_reviews.py for tasks to queue
[2025-01-28T00:14:02.128+0000] {logging_mixin.py:151} INFO - [2025-01-28T00:14:02.128+0000] {dagbag.py:536} INFO - Filling up the DagBag from /opt/airflow/dags/dag_e_pipeline_compass_reviews.py
[2025-01-28T00:14:02.137+0000] {logging_mixin.py:151} WARNING - /home/airflow/.local/lib/python3.8/site-packages/airflow/operators/python.py:177 RemovedInAirflow3Warning: The 'task_concurrency' parameter is deprecated. Please use 'max_active_tis_per_dag'.
[2025-01-28T00:14:02.141+0000] {processor.py:839} INFO - DAG(s) dict_keys(['dag_e_pipeline_compass_reviews']) retrieved from /opt/airflow/dags/dag_e_pipeline_compass_reviews.py
[2025-01-28T00:14:02.164+0000] {logging_mixin.py:151} INFO - [2025-01-28T00:14:02.164+0000] {dag.py:2941} INFO - Sync 1 DAGs
[2025-01-28T00:14:02.174+0000] {logging_mixin.py:151} INFO - [2025-01-28T00:14:02.174+0000] {dag.py:3722} INFO - Setting next_dagrun for dag_e_pipeline_compass_reviews to None, run_after=None
[2025-01-28T00:14:02.198+0000] {processor.py:179} INFO - Processing /opt/airflow/dags/dag_e_pipeline_compass_reviews.py took 0.075 seconds
[2025-01-28T00:14:32.333+0000] {processor.py:157} INFO - Started process (PID=74) to work on /opt/airflow/dags/dag_e_pipeline_compass_reviews.py
[2025-01-28T00:14:32.334+0000] {processor.py:829} INFO - Processing file /opt/airflow/dags/dag_e_pipeline_compass_reviews.py for tasks to queue
[2025-01-28T00:14:32.336+0000] {logging_mixin.py:151} INFO - [2025-01-28T00:14:32.335+0000] {dagbag.py:536} INFO - Filling up the DagBag from /opt/airflow/dags/dag_e_pipeline_compass_reviews.py
[2025-01-28T00:14:32.344+0000] {logging_mixin.py:151} WARNING - /home/airflow/.local/lib/python3.8/site-packages/airflow/operators/python.py:177 RemovedInAirflow3Warning: The 'task_concurrency' parameter is deprecated. Please use 'max_active_tis_per_dag'.
[2025-01-28T00:14:32.347+0000] {processor.py:839} INFO - DAG(s) dict_keys(['dag_e_pipeline_compass_reviews']) retrieved from /opt/airflow/dags/dag_e_pipeline_compass_reviews.py
[2025-01-28T00:14:32.366+0000] {logging_mixin.py:151} INFO - [2025-01-28T00:14:32.365+0000] {dag.py:2941} INFO - Sync 1 DAGs
[2025-01-28T00:14:32.375+0000] {logging_mixin.py:151} INFO - [2025-01-28T00:14:32.375+0000] {dag.py:3722} INFO - Setting next_dagrun for dag_e_pipeline_compass_reviews to None, run_after=None
[2025-01-28T00:14:32.390+0000] {processor.py:179} INFO - Processing /opt/airflow/dags/dag_e_pipeline_compass_reviews.py took 0.059 seconds
[2025-01-28T00:50:50.618+0000] {processor.py:157} INFO - Started process (PID=30) to work on /opt/airflow/dags/dag_e_pipeline_compass_reviews.py
[2025-01-28T00:50:50.625+0000] {processor.py:829} INFO - Processing file /opt/airflow/dags/dag_e_pipeline_compass_reviews.py for tasks to queue
[2025-01-28T00:50:50.627+0000] {logging_mixin.py:151} INFO - [2025-01-28T00:50:50.627+0000] {dagbag.py:536} INFO - Filling up the DagBag from /opt/airflow/dags/dag_e_pipeline_compass_reviews.py
[2025-01-28T00:50:50.645+0000] {logging_mixin.py:151} WARNING - /home/airflow/.local/lib/python3.8/site-packages/airflow/operators/python.py:177 RemovedInAirflow3Warning: The 'task_concurrency' parameter is deprecated. Please use 'max_active_tis_per_dag'.
[2025-01-28T00:50:50.660+0000] {processor.py:839} INFO - DAG(s) dict_keys(['dag_e_pipeline_compass_reviews']) retrieved from /opt/airflow/dags/dag_e_pipeline_compass_reviews.py
[2025-01-28T00:50:50.732+0000] {logging_mixin.py:151} INFO - [2025-01-28T00:50:50.732+0000] {dag.py:2941} INFO - Sync 1 DAGs
[2025-01-28T00:50:50.759+0000] {logging_mixin.py:151} INFO - [2025-01-28T00:50:50.758+0000] {dag.py:3722} INFO - Setting next_dagrun for dag_e_pipeline_compass_reviews to None, run_after=None
[2025-01-28T00:50:50.851+0000] {processor.py:179} INFO - Processing /opt/airflow/dags/dag_e_pipeline_compass_reviews.py took 0.240 seconds
[2025-01-28T00:51:21.027+0000] {processor.py:157} INFO - Started process (PID=33) to work on /opt/airflow/dags/dag_e_pipeline_compass_reviews.py
[2025-01-28T00:51:21.036+0000] {processor.py:829} INFO - Processing file /opt/airflow/dags/dag_e_pipeline_compass_reviews.py for tasks to queue
[2025-01-28T00:51:21.038+0000] {logging_mixin.py:151} INFO - [2025-01-28T00:51:21.038+0000] {dagbag.py:536} INFO - Filling up the DagBag from /opt/airflow/dags/dag_e_pipeline_compass_reviews.py
[2025-01-28T00:51:21.073+0000] {logging_mixin.py:151} WARNING - /home/airflow/.local/lib/python3.8/site-packages/airflow/operators/python.py:177 RemovedInAirflow3Warning: The 'task_concurrency' parameter is deprecated. Please use 'max_active_tis_per_dag'.
[2025-01-28T00:51:21.088+0000] {processor.py:839} INFO - DAG(s) dict_keys(['dag_e_pipeline_compass_reviews']) retrieved from /opt/airflow/dags/dag_e_pipeline_compass_reviews.py
[2025-01-28T00:51:21.141+0000] {logging_mixin.py:151} INFO - [2025-01-28T00:51:21.141+0000] {dag.py:2941} INFO - Sync 1 DAGs
[2025-01-28T00:51:21.164+0000] {logging_mixin.py:151} INFO - [2025-01-28T00:51:21.164+0000] {dag.py:3722} INFO - Setting next_dagrun for dag_e_pipeline_compass_reviews to None, run_after=None
[2025-01-28T00:51:21.193+0000] {processor.py:179} INFO - Processing /opt/airflow/dags/dag_e_pipeline_compass_reviews.py took 0.173 seconds
[2025-01-28T00:51:51.340+0000] {processor.py:157} INFO - Started process (PID=36) to work on /opt/airflow/dags/dag_e_pipeline_compass_reviews.py
[2025-01-28T00:51:51.341+0000] {processor.py:829} INFO - Processing file /opt/airflow/dags/dag_e_pipeline_compass_reviews.py for tasks to queue
[2025-01-28T00:51:51.342+0000] {logging_mixin.py:151} INFO - [2025-01-28T00:51:51.342+0000] {dagbag.py:536} INFO - Filling up the DagBag from /opt/airflow/dags/dag_e_pipeline_compass_reviews.py
[2025-01-28T00:51:51.352+0000] {logging_mixin.py:151} WARNING - /home/airflow/.local/lib/python3.8/site-packages/airflow/operators/python.py:177 RemovedInAirflow3Warning: The 'task_concurrency' parameter is deprecated. Please use 'max_active_tis_per_dag'.
[2025-01-28T00:51:51.356+0000] {processor.py:839} INFO - DAG(s) dict_keys(['dag_e_pipeline_compass_reviews']) retrieved from /opt/airflow/dags/dag_e_pipeline_compass_reviews.py
[2025-01-28T00:51:51.380+0000] {logging_mixin.py:151} INFO - [2025-01-28T00:51:51.380+0000] {dag.py:2941} INFO - Sync 1 DAGs
[2025-01-28T00:51:51.395+0000] {logging_mixin.py:151} INFO - [2025-01-28T00:51:51.395+0000] {dag.py:3722} INFO - Setting next_dagrun for dag_e_pipeline_compass_reviews to None, run_after=None
[2025-01-28T00:51:51.415+0000] {processor.py:179} INFO - Processing /opt/airflow/dags/dag_e_pipeline_compass_reviews.py took 0.078 seconds
[2025-01-28T00:52:21.555+0000] {processor.py:157} INFO - Started process (PID=39) to work on /opt/airflow/dags/dag_e_pipeline_compass_reviews.py
[2025-01-28T00:52:21.556+0000] {processor.py:829} INFO - Processing file /opt/airflow/dags/dag_e_pipeline_compass_reviews.py for tasks to queue
[2025-01-28T00:52:21.557+0000] {logging_mixin.py:151} INFO - [2025-01-28T00:52:21.557+0000] {dagbag.py:536} INFO - Filling up the DagBag from /opt/airflow/dags/dag_e_pipeline_compass_reviews.py
[2025-01-28T00:52:21.567+0000] {logging_mixin.py:151} WARNING - /home/airflow/.local/lib/python3.8/site-packages/airflow/operators/python.py:177 RemovedInAirflow3Warning: The 'task_concurrency' parameter is deprecated. Please use 'max_active_tis_per_dag'.
[2025-01-28T00:52:21.570+0000] {processor.py:839} INFO - DAG(s) dict_keys(['dag_e_pipeline_compass_reviews']) retrieved from /opt/airflow/dags/dag_e_pipeline_compass_reviews.py
[2025-01-28T00:52:21.593+0000] {logging_mixin.py:151} INFO - [2025-01-28T00:52:21.593+0000] {dag.py:2941} INFO - Sync 1 DAGs
[2025-01-28T00:52:21.603+0000] {logging_mixin.py:151} INFO - [2025-01-28T00:52:21.603+0000] {dag.py:3722} INFO - Setting next_dagrun for dag_e_pipeline_compass_reviews to None, run_after=None
[2025-01-28T00:52:21.621+0000] {processor.py:179} INFO - Processing /opt/airflow/dags/dag_e_pipeline_compass_reviews.py took 0.068 seconds
[2025-01-28T00:52:51.761+0000] {processor.py:157} INFO - Started process (PID=42) to work on /opt/airflow/dags/dag_e_pipeline_compass_reviews.py
[2025-01-28T00:52:51.762+0000] {processor.py:829} INFO - Processing file /opt/airflow/dags/dag_e_pipeline_compass_reviews.py for tasks to queue
[2025-01-28T00:52:51.764+0000] {logging_mixin.py:151} INFO - [2025-01-28T00:52:51.763+0000] {dagbag.py:536} INFO - Filling up the DagBag from /opt/airflow/dags/dag_e_pipeline_compass_reviews.py
[2025-01-28T00:52:51.773+0000] {logging_mixin.py:151} WARNING - /home/airflow/.local/lib/python3.8/site-packages/airflow/operators/python.py:177 RemovedInAirflow3Warning: The 'task_concurrency' parameter is deprecated. Please use 'max_active_tis_per_dag'.
[2025-01-28T00:52:51.779+0000] {processor.py:839} INFO - DAG(s) dict_keys(['dag_e_pipeline_compass_reviews']) retrieved from /opt/airflow/dags/dag_e_pipeline_compass_reviews.py
[2025-01-28T00:52:51.807+0000] {logging_mixin.py:151} INFO - [2025-01-28T00:52:51.807+0000] {dag.py:2941} INFO - Sync 1 DAGs
[2025-01-28T00:52:51.825+0000] {logging_mixin.py:151} INFO - [2025-01-28T00:52:51.825+0000] {dag.py:3722} INFO - Setting next_dagrun for dag_e_pipeline_compass_reviews to None, run_after=None
[2025-01-28T00:52:51.852+0000] {processor.py:179} INFO - Processing /opt/airflow/dags/dag_e_pipeline_compass_reviews.py took 0.093 seconds
[2025-01-28T00:53:21.982+0000] {processor.py:157} INFO - Started process (PID=45) to work on /opt/airflow/dags/dag_e_pipeline_compass_reviews.py
[2025-01-28T00:53:22.088+0000] {processor.py:829} INFO - Processing file /opt/airflow/dags/dag_e_pipeline_compass_reviews.py for tasks to queue
[2025-01-28T00:53:22.137+0000] {logging_mixin.py:151} INFO - [2025-01-28T00:53:22.136+0000] {dagbag.py:536} INFO - Filling up the DagBag from /opt/airflow/dags/dag_e_pipeline_compass_reviews.py
[2025-01-28T00:53:22.145+0000] {logging_mixin.py:151} WARNING - /home/airflow/.local/lib/python3.8/site-packages/airflow/operators/python.py:177 RemovedInAirflow3Warning: The 'task_concurrency' parameter is deprecated. Please use 'max_active_tis_per_dag'.
[2025-01-28T00:53:22.149+0000] {processor.py:839} INFO - DAG(s) dict_keys(['dag_e_pipeline_compass_reviews']) retrieved from /opt/airflow/dags/dag_e_pipeline_compass_reviews.py
[2025-01-28T00:53:22.170+0000] {logging_mixin.py:151} INFO - [2025-01-28T00:53:22.170+0000] {dag.py:2941} INFO - Sync 1 DAGs
[2025-01-28T00:53:22.179+0000] {logging_mixin.py:151} INFO - [2025-01-28T00:53:22.179+0000] {dag.py:3722} INFO - Setting next_dagrun for dag_e_pipeline_compass_reviews to None, run_after=None
[2025-01-28T00:53:22.257+0000] {processor.py:179} INFO - Processing /opt/airflow/dags/dag_e_pipeline_compass_reviews.py took 0.277 seconds
[2025-01-28T00:53:52.390+0000] {processor.py:157} INFO - Started process (PID=48) to work on /opt/airflow/dags/dag_e_pipeline_compass_reviews.py
[2025-01-28T00:53:52.390+0000] {processor.py:829} INFO - Processing file /opt/airflow/dags/dag_e_pipeline_compass_reviews.py for tasks to queue
[2025-01-28T00:53:52.392+0000] {logging_mixin.py:151} INFO - [2025-01-28T00:53:52.392+0000] {dagbag.py:536} INFO - Filling up the DagBag from /opt/airflow/dags/dag_e_pipeline_compass_reviews.py
[2025-01-28T00:53:52.400+0000] {logging_mixin.py:151} WARNING - /home/airflow/.local/lib/python3.8/site-packages/airflow/operators/python.py:177 RemovedInAirflow3Warning: The 'task_concurrency' parameter is deprecated. Please use 'max_active_tis_per_dag'.
[2025-01-28T00:53:52.404+0000] {processor.py:839} INFO - DAG(s) dict_keys(['dag_e_pipeline_compass_reviews']) retrieved from /opt/airflow/dags/dag_e_pipeline_compass_reviews.py
[2025-01-28T00:53:52.423+0000] {logging_mixin.py:151} INFO - [2025-01-28T00:53:52.422+0000] {dag.py:2941} INFO - Sync 1 DAGs
[2025-01-28T00:53:52.432+0000] {logging_mixin.py:151} INFO - [2025-01-28T00:53:52.432+0000] {dag.py:3722} INFO - Setting next_dagrun for dag_e_pipeline_compass_reviews to None, run_after=None
[2025-01-28T00:53:52.446+0000] {processor.py:179} INFO - Processing /opt/airflow/dags/dag_e_pipeline_compass_reviews.py took 0.059 seconds
[2025-01-28T00:54:22.583+0000] {processor.py:157} INFO - Started process (PID=51) to work on /opt/airflow/dags/dag_e_pipeline_compass_reviews.py
[2025-01-28T00:54:22.583+0000] {processor.py:829} INFO - Processing file /opt/airflow/dags/dag_e_pipeline_compass_reviews.py for tasks to queue
[2025-01-28T00:54:22.585+0000] {logging_mixin.py:151} INFO - [2025-01-28T00:54:22.585+0000] {dagbag.py:536} INFO - Filling up the DagBag from /opt/airflow/dags/dag_e_pipeline_compass_reviews.py
[2025-01-28T00:54:22.593+0000] {logging_mixin.py:151} WARNING - /home/airflow/.local/lib/python3.8/site-packages/airflow/operators/python.py:177 RemovedInAirflow3Warning: The 'task_concurrency' parameter is deprecated. Please use 'max_active_tis_per_dag'.
[2025-01-28T00:54:22.597+0000] {processor.py:839} INFO - DAG(s) dict_keys(['dag_e_pipeline_compass_reviews']) retrieved from /opt/airflow/dags/dag_e_pipeline_compass_reviews.py
[2025-01-28T00:54:22.618+0000] {logging_mixin.py:151} INFO - [2025-01-28T00:54:22.617+0000] {dag.py:2941} INFO - Sync 1 DAGs
[2025-01-28T00:54:22.627+0000] {logging_mixin.py:151} INFO - [2025-01-28T00:54:22.627+0000] {dag.py:3722} INFO - Setting next_dagrun for dag_e_pipeline_compass_reviews to None, run_after=None
[2025-01-28T00:54:22.642+0000] {processor.py:179} INFO - Processing /opt/airflow/dags/dag_e_pipeline_compass_reviews.py took 0.062 seconds
